<?xml version="1.0" encoding="UTF-8"?>
<!-- Generated by org.testng.reporters.JUnitReportReporter -->
<testsuite skipped="0" hostname="DSHYD-092" name="Sample_Project.Sample_ranford.SalNewTest" tests="1" failures="0" timestamp="28 Dec 2017 08:37:28 GMT" time="23.654" errors="0">
  <testcase name="f" time="23.654" classname="Sample_Project.Sample_ranford.SalNewTest"/>
</testsuite> <!-- Sample_Project.Sample_ranford.SalNewTest -->
