<?xml version="1.0" encoding="UTF-8"?>
<!-- Generated by org.testng.reporters.JUnitReportReporter -->
<testsuite skipped="0" hostname="DSHYD-092" name="RABP.testsuites.BP_TS1_ValidateBranches" tests="1" failures="0" timestamp="29 Dec 2017 13:08:12 GMT" time="0.706" errors="0">
  <testcase name="testCase" time="0.706" classname="RABP.testsuites.BP_TS1_ValidateBranches"/>
</testsuite> <!-- RABP.testsuites.BP_TS1_ValidateBranches -->
