<?xml version="1.0" encoding="UTF-8"?>
<!-- Generated by org.testng.reporters.JUnitReportReporter -->
<testsuite skipped="0" hostname="DSHYD-092" name="RABP.testsuites.BP_TS10_validateNewBranchesHome" tests="1" failures="0" timestamp="21 Feb 2018 11:47:26 GMT" time="19.457" errors="0">
  <testcase name="testdata" time="19.457" classname="RABP.testsuites.BP_TS10_validateNewBranchesHome"/>
</testsuite> <!-- RABP.testsuites.BP_TS10_validateNewBranchesHome -->
