<?xml version="1.0" encoding="UTF-8"?>
<!-- Generated by org.testng.reporters.JUnitReportReporter -->
<testsuite skipped="0" hostname="DSHYD-092" name="RABP.testsuites.BP_TS11_validateNewBranchesLogOut" tests="1" failures="0" timestamp="02 Jan 2018 11:56:01 GMT" time="7.778" errors="0">
  <testcase name="loginFB" time="7.778" classname="RABP.testsuites.BP_TS11_validateNewBranchesLogOut"/>
</testsuite> <!-- RABP.testsuites.BP_TS11_validateNewBranchesLogOut -->
