<?xml version="1.0" encoding="UTF-8"?>
<!-- Generated by org.testng.reporters.JUnitReportReporter -->
<testsuite skipped="0" hostname="DSHYD-092" name="RABP.testsuites.NewTest98765" tests="1" failures="0" timestamp="21 Feb 2018 11:45:44 GMT" time="0.031" errors="0">
  <testcase name="f" time="0.031" classname="RABP.testsuites.NewTest98765"/>
</testsuite> <!-- RABP.testsuites.NewTest98765 -->
